<?xml version="1.0" encoding="UTF-8"?>
<!-- Generated by org.testng.reporters.JUnitXMLReporter -->
<testsuite hostname="spicity562" ignored="0" name="Default test" tests="6" failures="0" timestamp="22 Oct 2018 15:01:06 GMT" time="8.226" errors="0">
  <testcase name="GetToken" time="4.533" classname="rESTAssured.TestCases"/>
  <testcase name="CreateIssue" time="1.463" classname="rESTAssured.TestCases"/>
  <testcase name="GetIssue" time="0.21" classname="rESTAssured.TestCases"/>
  <testcase name="AddComment" time="0.413" classname="rESTAssured.TestCases"/>
  <testcase name="UpdateComment" time="0.403" classname="rESTAssured.TestCases"/>
  <testcase name="DeleteIssue" time="1.094" classname="rESTAssured.TestCases"/>
</testsuite> <!-- Default test -->
